2018-04-10 13:14:34 CRFPCommonNNGEN::InitFileNames: Specified script not found in the script repository.
2018-04-10 13:17:09 Invalid _InputNames value:  Number of names does not match the actual count.
2018-04-10 13:17:10 CRFPCommonNNGEN::SetInputParam: The input variable 'Last.Primary.Care.Specialty.Seen' contained nulls which were skipped due to null-processing settings.  Failing report to avoid potential pairing-up problems.
2018-04-10 13:23:32 Invalid _InputNames value:  Number of names does not match the actual count.
2018-04-10 13:23:32 CRFPCommonNNGEN::SetInputParam: The input variable 'Last.Primary.Care.Specialty.Seen' contained nulls which were skipped due to null-processing settings.  Failing report to avoid potential pairing-up problems.
2018-04-10 13:25:23 Invalid _InputNames value:  Number of names does not match the actual count.
2018-04-10 13:25:23 CRFPCommonNNGEN::SetInputParam: The input variable 'Last.Primary.Care.Specialty.Seen' contained nulls which were skipped due to null-processing settings.  Failing report to avoid potential pairing-up problems.
2018-04-10 13:26:00 Invalid _InputNames value:  Number of names does not match the actual count.
2018-04-10 13:26:01 CRFPCommonNNGEN::SetInputParam: The input variable 'Last.Primary.Care.Specialty.Seen' contained nulls which were skipped due to null-processing settings.  Failing report to avoid potential pairing-up problems.
2018-04-10 13:26:46 Invalid _InputNames value:  Number of names does not match the actual count.
2018-04-10 13:26:46 CRFPCommonNNGEN::SetInputParam: The input variable 'Last.Primary.Care.Specialty.Seen' contained nulls which were skipped due to null-processing settings.  Failing report to avoid potential pairing-up problems.
2018-04-10 13:30:15 Invalid _InputNames value:  Number of names does not match the actual count.
2018-04-10 13:30:15 CRFPCommonNNGEN::SetInputParam: The input variable 'Last.Primary.Care.Specialty.Seen' contained nulls which were skipped due to null-processing settings.  Failing report to avoid potential pairing-up problems.
2018-04-10 13:31:00 Invalid _InputNames value:  Number of names does not match the actual count.
2018-04-10 13:31:01 CRFPCommonNNGEN::SetInputParam: The input variable 'Gender' contained nulls which were skipped due to null-processing settings.  Failing report to avoid potential pairing-up problems.
2018-04-10 13:59:19 Invalid _InputNames value:  Number of names does not match the actual count.
2018-04-10 13:59:20 CRFPCommonNNGEN::SetInputParam: The input variable 'Gender' contained nulls which were skipped due to null-processing settings.  Failing report to avoid potential pairing-up problems.
2018-04-10 14:00:03 Invalid _InputNames value:  Number of names does not match the actual count.
2018-04-10 14:00:04 CRFPCommonNNGEN::SetInputParam: The input variable 'Major.Region' contained nulls which were skipped due to null-processing settings.  Failing report to avoid potential pairing-up problems.
2018-04-10 14:01:54 Invalid _InputNames value:  Number of names does not match the actual count.
2018-04-10 14:01:54 CRFPCommonNNGEN::SetInputParam: The input variable 'Major.Region' contained nulls which were skipped due to null-processing settings.  Failing report to avoid potential pairing-up problems.
2018-04-10 14:02:22 Invalid _InputNames value:  Number of names does not match the actual count.
2018-04-10 14:02:22 CRFPCommonNNGEN::SetInputParam: The input variable 'Major.Region' contained nulls which were skipped due to null-processing settings.  Failing report to avoid potential pairing-up problems.
2018-04-10 14:03:23 Invalid _InputNames value:  Number of names does not match the actual count.
2018-04-10 14:03:23 CRFPCommonNNGEN::SetInputParam: The input variable 'Major.Region' contained nulls which were skipped due to null-processing settings.  Failing report to avoid potential pairing-up problems.
2018-04-10 14:03:51 Invalid _InputNames value:  Number of names does not match the actual count.
2018-04-10 14:03:52 CRFPCommonNNGEN::ExRScript: R script execution failed:  object 'EDPredictorsPC.2016.logis.steplogis' not found
2018-04-10 14:05:45 Invalid _InputNames value:  Number of names does not match the actual count.
2018-04-10 14:05:46 CRFPCommonNNGEN::ExRScript: R script execution failed:  object 'EDPredictorsPC.2016.logis.steplogis' not found
2018-04-10 14:06:58 Invalid _InputNames value:  Number of names does not match the actual count.
2018-04-10 14:06:59 CRFPCommonNNGEN::ExRScript: R script execution failed:  object 'EDPredictorsPC.2016.logis.steplogis' not found
2018-04-10 14:08:40 Invalid _InputNames value:  Number of names does not match the actual count.
2018-04-10 14:08:41 CRFPCommonNNGEN::ExRScript: R script execution failed:  object 'EDPredictorsPC.2016.logis.steplogis' not found
2018-04-10 14:29:36 Invalid _InputNames value:  Number of names does not match the actual count.
2018-04-10 14:29:36 CRFPCommonNNGEN::ExRScript: R script execution failed:  object 'EDPredictorsPC.2016.logis.steplogis' not found
2018-04-10 14:45:09 Invalid _InputNames value:  Number of names does not match the actual count.
2018-04-10 14:45:09 CRFPCommonNNGEN::ExRScript: R script execution failed:  object 'EDPredictorsPC.2016.logis.steplogis' not found
2018-04-10 15:02:36 Invalid _InputNames value:  Number of names does not match the actual count.
2018-04-10 15:02:36 CRFPCommonNNGEN::ExRScript: R script execution failed:  object 'EDPredictorsPC.2016.logis.steplogis' not found
2018-04-10 15:03:37 Invalid _InputNames value:  Number of names does not match the actual count.
2018-04-10 15:03:37 CRFPCommonNNGEN::ExRScript: R script execution failed:  object 'EDPredictorsPC.2016.logis.steplogis' not found
2018-04-10 15:05:11 Invalid _InputNames value:  Number of names does not match the actual count.
2018-04-10 15:05:12 CRFPCommonNNGEN::ExRScript: R script execution failed:  object 'EDPredictorsPC.2016.logis.steplogis' not found
2018-04-10 15:32:32 Invalid _InputNames value:  Number of names does not match the actual count.
2018-04-10 15:32:32 CRFPCommonNNGEN::ExRScript: R script execution failed:  object 'EDPredictorsPC.2016.logis.steplogis' not found
2018-04-10 15:33:58 Invalid _InputNames value:  Number of names does not match the actual count.
2018-04-10 15:33:59 CRFPCommonNNGEN::ExRScript: R script execution failed:  object 'EDPredictorsPC.2016.logis.steplogis' not found
2018-04-10 15:36:15 Invalid _InputNames value:  Number of names does not match the actual count.
2018-04-10 15:36:15 CRFPCommonNNGEN::ExRScript: R script execution failed:  object 'EDPredictorsPC.2016.logis.steplogis' not found
2018-04-10 15:38:21 Invalid _InputNames value:  Number of names does not match the actual count.
2018-04-10 15:38:21 CRFPCommonNNGEN::ExRScript: R script execution failed:  object 'EDPredictorsPC.2016.logis.steplogis' not found
2018-04-11 11:07:43 Invalid _InputNames value:  Number of names does not match the actual count.
2018-04-11 11:07:44 CRFPCommonNNGEN::ExRScript: R script execution failed:  object 'EDPredictorsPC.2016.logis.steplogis' not found
2018-04-11 11:12:29 Invalid _InputNames value:  Number of names does not match the actual count.
2018-04-11 11:12:30 CRFPCommonNNGEN::ExRScript: R script execution failed:  object 'EDPredictorsPC.2016.logis.steplogis' not found
2018-04-11 11:17:12 Invalid _InputNames value:  Number of names does not match the actual count.
2018-04-11 11:17:13 CRFPCommonNNGEN::ExRScript: R script execution failed:  object 'Ashley123' not found
2018-04-11 11:18:15 Invalid _InputNames value:  Number of names does not match the actual count.
2018-04-11 11:18:16 CRFPCommonNNGEN::ExRScript: R script execution failed:  object 'Ashley123.Rda' not found
2018-04-11 11:20:34 Invalid _InputNames value:  Number of names does not match the actual count.
2018-04-11 11:20:35 CRFPCommonNNGEN::ExRScript: R script execution failed:  object 'Ashley123.Rda' not found
2018-04-11 11:23:46 Invalid _InputNames value:  Number of names does not match the actual count.
2018-04-11 11:23:46 CRFPCommonNNGEN::ExRScript: R script execution failed:  object 'EDPredictorsPC.2016.logis.steplogis.Rda' not found
2018-04-11 13:05:10 Invalid _InputNames value:  Number of names does not match the actual count.
2018-04-11 13:05:11 CRFPCommonNNGEN::ExRScript: R script execution failed:  object 'EDPredictorsPC.2016.logis.steplogis' not found
2018-04-11 13:08:44 Invalid _InputNames value:  Number of names does not match the actual count.
2018-04-11 13:08:45 CRFPCommonNNGEN::ExRScript: R script execution failed:  object 'EDPredictorsPC.2016.logis.steplogis' not found
2018-04-11 13:11:47 Invalid _InputNames value:  Number of names does not match the actual count.
2018-04-11 13:11:48 CRFPCommonNNGEN::ExRScript: R script execution failed:  object 'EDPredictorsPC.2016.logis.steplogis' not found
2018-04-11 13:12:22 Invalid _InputNames value:  Number of names does not match the actual count.
2018-04-11 13:12:22 CRFPCommonNNGEN::ExRScript: R script execution failed:  object 'EDPredictorsPC.2016.logis.steplogis' not found
2018-04-11 13:13:04 Invalid _InputNames value:  Number of names does not match the actual count.
2018-04-11 13:13:05 CRFPCommonNNGEN::ExRScript: R script execution failed:  object 'EDPredictorsPC.2016.logis.steplogis' not found
2018-04-11 13:38:29 Invalid _InputNames value:  Number of names does not match the actual count.
2018-04-11 13:38:29 CRFPCommonNNGEN::ExRScript: R script execution failed:  object 'EDPredictorsPC.2016.logis.steplogis' not found
2018-04-11 13:46:45 Invalid _InputNames value:  Number of names does not match the actual count.
2018-04-11 13:46:46 CRFPCommonNNGEN::ExRScript: R script execution failed:  object 'EDPredictorsPC.2016.logis.steplogis' not found
2018-04-11 13:53:40 Invalid _InputNames value:  Number of names does not match the actual count.
2018-04-11 13:53:41 CRFPCommonNNGEN::ExRScript: R script execution failed:  object 'EDPredictorsPC.2016.logis.steplogis' not found
2018-04-11 14:02:07 Invalid _InputNames value:  Number of names does not match the actual count.
2018-04-11 14:02:08 CRFPCommonNNGEN::ExRScript: R script execution failed:  object 'EDPredictorsPC.2016.logis.steplogis' not found
2018-04-12 13:16:44 Invalid _InputNames value:  Number of names does not match the actual count.
2018-04-12 13:16:44 CRFPCommonNNGEN::ExRScript: R script execution failed:  object 'EDPredictorsPC.2016.logis.steplogis' not found
2018-04-12 13:18:12 Invalid _InputNames value:  Number of names does not match the actual count.
2018-04-12 13:18:13 CRFPCommonNNGEN::ExRScript: R script execution failed:  cannot open the connection
2018-04-12 13:19:53 Invalid _InputNames value:  Number of names does not match the actual count.
2018-04-12 13:19:54 CRFPCommonNNGEN::ExRScript: R script execution failed:  cannot open the connection
2018-04-12 13:45:12 Invalid _InputNames value:  Number of names does not match the actual count.
2018-04-12 13:45:13 CRFPCommonNNGEN::ExRScript: R script execution failed:  cannot open the connection
2018-04-12 13:45:52 Invalid _InputNames value:  Number of names does not match the actual count.
2018-04-12 13:45:53 CRFPCommonNNGEN::ExRScript: R script execution failed:  cannot open the connection
2018-04-16 15:22:07 Invalid _InputNames value:  Number of names does not match the actual count.
2018-04-16 15:22:08 CRFPCommonNNGEN::ExRScript: R script execution failed:  cannot open the connection
2018-04-16 15:26:52 Invalid _InputNames value:  Number of names does not match the actual count.
2018-04-16 15:26:53 CRFPCommonNNGEN::ExRScript: R script execution failed:  cannot open the connection
2018-04-16 15:52:33 Invalid _InputNames value:  Number of names does not match the actual count.
2018-04-16 15:52:33 CRFPCommonNNGEN::ExRScript: R script execution failed:  cannot open the connection
2018-04-16 16:02:05 Invalid _InputNames value:  Number of names does not match the actual count.
2018-04-16 16:02:06 CRFPCommonNNGEN::ExRScript: R script execution failed:  cannot open the connection
2018-04-16 16:03:54 Invalid _InputNames value:  Number of names does not match the actual count.
2018-04-16 16:03:55 CRFPCommonNNGEN::ExRScript: R script execution failed:  cannot open the connection
2018-04-16 16:04:28 Invalid _InputNames value:  Number of names does not match the actual count.
2018-04-16 16:04:28 CRFPCommonNNGEN::ExRScript: R script execution failed:  cannot open the connection
2018-04-16 16:05:13 Invalid _InputNames value:  Number of names does not match the actual count.
2018-04-16 16:05:14 CRFPCommonNNGEN::ExRScript: R script execution failed:  cannot open the connection
2018-04-16 16:05:39 Invalid _InputNames value:  Number of names does not match the actual count.
2018-04-16 16:05:40 CRFPCommonNNGEN::ExRScript: R script execution failed:  cannot open the connection
